ERROR - 2026-07-21 09:47:15 --> Unable to prepare statement: 1, no such table: v_operateur_comission
in SYSTEMPATH/Database/SQLite3/Connection.php on line 164.
 1 SYSTEMPATH/Database/SQLite3/Connection.php(164): SQLite3->query()
 2 SYSTEMPATH/Database/BaseConnection.php(910): CodeIgniter\Database\SQLite3\Connection->execute()
 3 SYSTEMPATH/Database/BaseConnection.php(827): CodeIgniter\Database\BaseConnection->simpleQuery()
 4 SYSTEMPATH/Database/BaseBuilder.php(1649): CodeIgniter\Database\BaseConnection->query()
 5 APPPATH/Models/ConfigurationsCommission.php(44): CodeIgniter\Database\BaseBuilder->get()
 6 APPPATH/Controllers/ConfigurationCommissionController.php(16): App\Models\ConfigurationsCommission->getConfigurations()
 7 SYSTEMPATH/CodeIgniter.php(951): App\Controllers\ConfigurationCommissionController->index()
 8 SYSTEMPATH/CodeIgniter.php(497): CodeIgniter\CodeIgniter->runController()
 9 SYSTEMPATH/CodeIgniter.php(340): CodeIgniter\CodeIgniter->handleRequest()
10 SYSTEMPATH/Boot.php(417): CodeIgniter\CodeIgniter->run()
11 SYSTEMPATH/Boot.php(68): CodeIgniter\Boot::runCodeIgniter()
12 FCPATH/index.php(59): CodeIgniter\Boot::bootWeb()
13 SYSTEMPATH/rewrite.php(44): require_once('/home/itu/Bureau/S4/SI/Examen-projet-S4/public/index.php')
CRITICAL - 2026-07-21 09:47:15 --> CodeIgniter\Database\Exceptions\DatabaseException: Unable to prepare statement: 1, no such table: v_operateur_comission
[Method: GET, Route: operateur/commission]
in SYSTEMPATH/Database/BaseConnection.php on line 865.
 1 SYSTEMPATH/Database/BaseBuilder.php(1649): CodeIgniter\Database\BaseConnection->query()
 2 APPPATH/Models/ConfigurationsCommission.php(44): CodeIgniter\Database\BaseBuilder->get()
 3 APPPATH/Controllers/ConfigurationCommissionController.php(16): App\Models\ConfigurationsCommission->getConfigurations()
 4 SYSTEMPATH/CodeIgniter.php(951): App\Controllers\ConfigurationCommissionController->index()
 5 SYSTEMPATH/CodeIgniter.php(497): CodeIgniter\CodeIgniter->runController()
 6 SYSTEMPATH/CodeIgniter.php(340): CodeIgniter\CodeIgniter->handleRequest()
 7 SYSTEMPATH/Boot.php(417): CodeIgniter\CodeIgniter->run()
 8 SYSTEMPATH/Boot.php(68): CodeIgniter\Boot::runCodeIgniter()
 9 FCPATH/index.php(59): CodeIgniter\Boot::bootWeb()
10 SYSTEMPATH/rewrite.php(44): require_once('/home/itu/Bureau/S4/SI/Examen-projet-S4/public/index.php')
CRITICAL - 2026-07-21 09:47:15 --> [Caused by] CodeIgniter\Database\Exceptions\DatabaseException: Unable to prepare statement: 1, no such table: v_operateur_comission
in SYSTEMPATH/Database/SQLite3/Connection.php on line 174.
 1 SYSTEMPATH/Database/BaseConnection.php(910): CodeIgniter\Database\SQLite3\Connection->execute()
 2 SYSTEMPATH/Database/BaseConnection.php(827): CodeIgniter\Database\BaseConnection->simpleQuery()
 3 SYSTEMPATH/Database/BaseBuilder.php(1649): CodeIgniter\Database\BaseConnection->query()
 4 APPPATH/Models/ConfigurationsCommission.php(44): CodeIgniter\Database\BaseBuilder->get()
 5 APPPATH/Controllers/ConfigurationCommissionController.php(16): App\Models\ConfigurationsCommission->getConfigurations()
 6 SYSTEMPATH/CodeIgniter.php(951): App\Controllers\ConfigurationCommissionController->index()
 7 SYSTEMPATH/CodeIgniter.php(497): CodeIgniter\CodeIgniter->runController()
 8 SYSTEMPATH/CodeIgniter.php(340): CodeIgniter\CodeIgniter->handleRequest()
 9 SYSTEMPATH/Boot.php(417): CodeIgniter\CodeIgniter->run()
10 SYSTEMPATH/Boot.php(68): CodeIgniter\Boot::runCodeIgniter()
11 FCPATH/index.php(59): CodeIgniter\Boot::bootWeb()
12 SYSTEMPATH/rewrite.php(44): require_once('/home/itu/Bureau/S4/SI/Examen-projet-S4/public/index.php')
CRITICAL - 2026-07-21 09:47:15 --> [Caused by] Exception: Unable to prepare statement: 1, no such table: v_operateur_comission
in SYSTEMPATH/Database/SQLite3/Connection.php on line 164.
 1 SYSTEMPATH/Database/SQLite3/Connection.php(164): SQLite3->query()
 2 SYSTEMPATH/Database/BaseConnection.php(910): CodeIgniter\Database\SQLite3\Connection->execute()
 3 SYSTEMPATH/Database/BaseConnection.php(827): CodeIgniter\Database\BaseConnection->simpleQuery()
 4 SYSTEMPATH/Database/BaseBuilder.php(1649): CodeIgniter\Database\BaseConnection->query()
 5 APPPATH/Models/ConfigurationsCommission.php(44): CodeIgniter\Database\BaseBuilder->get()
 6 APPPATH/Controllers/ConfigurationCommissionController.php(16): App\Models\ConfigurationsCommission->getConfigurations()
 7 SYSTEMPATH/CodeIgniter.php(951): App\Controllers\ConfigurationCommissionController->index()
 8 SYSTEMPATH/CodeIgniter.php(497): CodeIgniter\CodeIgniter->runController()
 9 SYSTEMPATH/CodeIgniter.php(340): CodeIgniter\CodeIgniter->handleRequest()
10 SYSTEMPATH/Boot.php(417): CodeIgniter\CodeIgniter->run()
11 SYSTEMPATH/Boot.php(68): CodeIgniter\Boot::runCodeIgniter()
12 FCPATH/index.php(59): CodeIgniter\Boot::bootWeb()
13 SYSTEMPATH/rewrite.php(44): require_once('/home/itu/Bureau/S4/SI/Examen-projet-S4/public/index.php')
